[debug] [2025-07-30T17:28:59.352Z] ----------------------------------------------------------------------
[debug] [2025-07-30T17:28:59.361Z] Command:       /Users/elibouganim/.nvm/versions/node/v22.17.1/bin/node /Users/elibouganim/.nvm/versions/node/v22.17.1/bin/firebase deploy --only firestore
[debug] [2025-07-30T17:28:59.361Z] CLI Version:   14.11.1
[debug] [2025-07-30T17:28:59.361Z] Platform:      darwin
[debug] [2025-07-30T17:28:59.361Z] Node Version:  v22.17.1
[debug] [2025-07-30T17:28:59.362Z] Time:          Wed Jul 30 2025 10:28:59 GMT-0700 (Pacific Daylight Time)
[debug] [2025-07-30T17:28:59.362Z] ----------------------------------------------------------------------
[debug] 
[debug] [2025-07-30T17:28:59.674Z] > command requires scopes: ["email","openid","https://www.googleapis.com/auth/cloudplatformprojects.readonly","https://www.googleapis.com/auth/firebase","https://www.googleapis.com/auth/cloud-platform"]
[debug] [2025-07-30T17:28:59.676Z] > authorizing via signed-in user (eliasbouganim@gmail.com)
[debug] [2025-07-30T17:28:59.676Z] [iam] checking project markt-1d79b for permissions ["datastore.indexes.create","datastore.indexes.delete","datastore.indexes.list","datastore.indexes.update","firebase.projects.get"]
[debug] [2025-07-30T17:28:59.680Z] Checked if tokens are valid: true, expires at: 1753898926403
[debug] [2025-07-30T17:28:59.681Z] Checked if tokens are valid: true, expires at: 1753898926403
[debug] [2025-07-30T17:28:59.684Z] >>> [apiv2][query] POST https://cloudresourcemanager.googleapis.com/v1/projects/markt-1d79b:testIamPermissions [none]
[debug] [2025-07-30T17:28:59.684Z] >>> [apiv2][(partial)header] POST https://cloudresourcemanager.googleapis.com/v1/projects/markt-1d79b:testIamPermissions x-goog-quota-user=projects/markt-1d79b
[debug] [2025-07-30T17:28:59.684Z] >>> [apiv2][body] POST https://cloudresourcemanager.googleapis.com/v1/projects/markt-1d79b:testIamPermissions {"permissions":["datastore.indexes.create","datastore.indexes.delete","datastore.indexes.list","datastore.indexes.update","firebase.projects.get"]}
[debug] [2025-07-30T17:28:59.934Z] <<< [apiv2][status] POST https://cloudresourcemanager.googleapis.com/v1/projects/markt-1d79b:testIamPermissions 200
[debug] [2025-07-30T17:28:59.934Z] <<< [apiv2][body] POST https://cloudresourcemanager.googleapis.com/v1/projects/markt-1d79b:testIamPermissions {"permissions":["datastore.indexes.create","datastore.indexes.delete","datastore.indexes.list","datastore.indexes.update","firebase.projects.get"]}
[info] 
[info] === Deploying to 'markt-1d79b'...
[info] 
[info] i  deploying firestore 
[info] i  firestore: reading indexes from firestore.indexes.json... 
[info] i  cloud.firestore: checking firestore.rules for compilation errors... 
[debug] [2025-07-30T17:28:59.938Z] Checked if tokens are valid: true, expires at: 1753898926403
[debug] [2025-07-30T17:28:59.938Z] Checked if tokens are valid: true, expires at: 1753898926403
[debug] [2025-07-30T17:28:59.938Z] >>> [apiv2][query] POST https://firebaserules.googleapis.com/v1/projects/markt-1d79b:test [none]
[debug] [2025-07-30T17:28:59.938Z] >>> [apiv2][body] POST https://firebaserules.googleapis.com/v1/projects/markt-1d79b:test [omitted]
[debug] [2025-07-30T17:29:00.225Z] <<< [apiv2][status] POST https://firebaserules.googleapis.com/v1/projects/markt-1d79b:test 200
[debug] [2025-07-30T17:29:00.226Z] <<< [apiv2][body] POST https://firebaserules.googleapis.com/v1/projects/markt-1d79b:test {}
[info] ✔  cloud.firestore: rules file firestore.rules compiled successfully 
[debug] [2025-07-30T17:29:00.227Z] Checked if tokens are valid: true, expires at: 1753898926403
[debug] [2025-07-30T17:29:00.227Z] Checked if tokens are valid: true, expires at: 1753898926403
[debug] [2025-07-30T17:29:00.227Z] >>> [apiv2][query] GET https://firestore.googleapis.com/v1/projects/markt-1d79b/databases/(default) [none]
[debug] [2025-07-30T17:29:00.549Z] <<< [apiv2][status] GET https://firestore.googleapis.com/v1/projects/markt-1d79b/databases/(default) 200
[debug] [2025-07-30T17:29:00.549Z] <<< [apiv2][body] GET https://firestore.googleapis.com/v1/projects/markt-1d79b/databases/(default) {"name":"projects/markt-1d79b/databases/(default)","uid":"49f0c97c-2bde-4aa7-9e2f-537ef879c3b3","createTime":"2025-07-29T22:57:15.071096Z","updateTime":"2025-07-29T22:57:15.071096Z","locationId":"nam5","type":"FIRESTORE_NATIVE","concurrencyMode":"PESSIMISTIC","versionRetentionPeriod":"3600s","earliestVersionTime":"2025-07-30T16:29:00.533805Z","appEngineIntegrationMode":"DISABLED","keyPrefix":"s","pointInTimeRecoveryEnablement":"POINT_IN_TIME_RECOVERY_DISABLED","deleteProtectionState":"DELETE_PROTECTION_DISABLED","databaseEdition":"STANDARD","freeTier":true,"etag":"IMbkleKN5Y4DMJe1xrz2444D"}
[debug] [2025-07-30T17:29:00.549Z] Checked if tokens are valid: true, expires at: 1753898926403
[debug] [2025-07-30T17:29:00.550Z] Checked if tokens are valid: true, expires at: 1753898926403
[debug] [2025-07-30T17:29:00.550Z] >>> [apiv2][query] GET https://firebaserules.googleapis.com/v1/projects/markt-1d79b/releases pageSize=10&pageToken=
[debug] [2025-07-30T17:29:00.741Z] <<< [apiv2][status] GET https://firebaserules.googleapis.com/v1/projects/markt-1d79b/releases 200
[debug] [2025-07-30T17:29:00.741Z] <<< [apiv2][body] GET https://firebaserules.googleapis.com/v1/projects/markt-1d79b/releases {"releases":[{"name":"projects/markt-1d79b/releases/cloud.firestore","rulesetName":"projects/markt-1d79b/rulesets/6c1a1954-5f3a-457c-8fb1-5bccbaa9785f","createTime":"2025-07-29T22:57:19.683173Z","updateTime":"2025-07-30T17:17:51.927803Z"},{"name":"projects/markt-1d79b/releases/firebase.storage/markt-1d79b.firebasestorage.app","rulesetName":"projects/markt-1d79b/rulesets/2a9aaf1e-e227-4353-a893-0e899fd451e8","createTime":"2025-07-30T17:08:19.818448Z","updateTime":"2025-07-30T17:08:49.684515Z"}]}
[debug] [2025-07-30T17:29:00.762Z] Checked if tokens are valid: true, expires at: 1753898926403
[debug] [2025-07-30T17:29:00.763Z] Checked if tokens are valid: true, expires at: 1753898926403
[debug] [2025-07-30T17:29:00.763Z] >>> [apiv2][query] GET https://firebaserules.googleapis.com/v1/projects/markt-1d79b/rulesets/6c1a1954-5f3a-457c-8fb1-5bccbaa9785f [none]
[debug] [2025-07-30T17:29:00.955Z] <<< [apiv2][status] GET https://firebaserules.googleapis.com/v1/projects/markt-1d79b/rulesets/6c1a1954-5f3a-457c-8fb1-5bccbaa9785f 200
[debug] [2025-07-30T17:29:00.955Z] <<< [apiv2][body] GET https://firebaserules.googleapis.com/v1/projects/markt-1d79b/rulesets/6c1a1954-5f3a-457c-8fb1-5bccbaa9785f [omitted]
[info] i  firestore: latest version of firestore.rules already up to date, skipping upload... 
[info] i  firestore: deploying indexes... 
[debug] [2025-07-30T17:29:00.957Z] Checked if tokens are valid: true, expires at: 1753898926403
[debug] [2025-07-30T17:29:00.957Z] Checked if tokens are valid: true, expires at: 1753898926403
[debug] [2025-07-30T17:29:00.958Z] >>> [apiv2][query] GET https://firestore.googleapis.com/v1/projects/markt-1d79b/databases/(default)/collectionGroups/-/indexes [none]
[debug] [2025-07-30T17:29:01.053Z] <<< [apiv2][status] GET https://firestore.googleapis.com/v1/projects/markt-1d79b/databases/(default)/collectionGroups/-/indexes 200
[debug] [2025-07-30T17:29:01.053Z] <<< [apiv2][body] GET https://firestore.googleapis.com/v1/projects/markt-1d79b/databases/(default)/collectionGroups/-/indexes {"indexes":[{"name":"projects/markt-1d79b/databases/(default)/collectionGroups/listings/indexes/CICAgOjXh4EK","queryScope":"COLLECTION","fields":[{"fieldPath":"userId","order":"ASCENDING"},{"fieldPath":"timestamp","order":"DESCENDING"},{"fieldPath":"__name__","order":"DESCENDING"}],"state":"READY","density":"SPARSE_ALL"},{"name":"projects/markt-1d79b/databases/(default)/collectionGroups/chats/indexes/CICAgJiUpoMK","queryScope":"COLLECTION","fields":[{"fieldPath":"participants","arrayConfig":"CONTAINS"},{"fieldPath":"lastUpdated","order":"DESCENDING"},{"fieldPath":"__name__","order":"DESCENDING"}],"state":"READY","density":"SPARSE_ALL"}]}
[debug] [2025-07-30T17:29:01.053Z] Checked if tokens are valid: true, expires at: 1753898926403
[debug] [2025-07-30T17:29:01.053Z] Checked if tokens are valid: true, expires at: 1753898926403
[debug] [2025-07-30T17:29:01.053Z] >>> [apiv2][query] GET https://firestore.googleapis.com/v1/projects/markt-1d79b/databases/(default)/collectionGroups/-/fields?filter=indexConfig.usesAncestorConfig=false OR ttlConfig:* [none]
[debug] [2025-07-30T17:29:01.218Z] <<< [apiv2][status] GET https://firestore.googleapis.com/v1/projects/markt-1d79b/databases/(default)/collectionGroups/-/fields?filter=indexConfig.usesAncestorConfig=false OR ttlConfig:* 200
[debug] [2025-07-30T17:29:01.218Z] <<< [apiv2][body] GET https://firestore.googleapis.com/v1/projects/markt-1d79b/databases/(default)/collectionGroups/-/fields?filter=indexConfig.usesAncestorConfig=false OR ttlConfig:* {"fields":[{"name":"projects/markt-1d79b/databases/(default)/collectionGroups/__default__/fields/*","indexConfig":{"indexes":[{"queryScope":"COLLECTION","fields":[{"fieldPath":"*","order":"ASCENDING"}],"state":"READY"},{"queryScope":"COLLECTION","fields":[{"fieldPath":"*","order":"DESCENDING"}],"state":"READY"},{"queryScope":"COLLECTION","fields":[{"fieldPath":"*","arrayConfig":"CONTAINS"}],"state":"READY"}]}}]}
[info] i  firestore: The following indexes are defined in your project but are not present in your firestore indexes file:
	(listings) -- (userId,ASCENDING) (timestamp,DESCENDING) 
	(chats) -- (participants,CONTAINS) (lastUpdated,DESCENDING)  
[debug] [2025-07-30T17:29:20.762Z] ExitPromptError: User force closed the prompt with SIGINT
    at Interface.sigint (/Users/elibouganim/.nvm/versions/node/v22.17.1/lib/node_modules/firebase-tools/node_modules/@inquirer/core/dist/commonjs/lib/create-prompt.js:101:37)
    at Interface.emit (node:events:518:28)
    at Interface.emit (node:domain:489:12)
    at [_ttyWrite] [as _ttyWrite] (node:internal/readline/interface:1132:18)
    at ReadStream.onkeypress (node:internal/readline/interface:271:20)
    at ReadStream.emit (node:events:530:35)
    at ReadStream.emit (node:domain:489:12)
    at emitKeys (node:internal/readline/utils:370:14)
    at emitKeys.next (<anonymous>)
    at ReadStream.onData (node:internal/readline/emitKeypressEvents:64:36)
[error] 
[error] Error: An unexpected error has occurred.
